<?xml version="1.0" encoding="UTF-8"?>
<!-- Generated by org.testng.reporters.JUnitReportReporter -->
<testsuite skipped="7" hostname="KH014104" name="com.qa.rest.api.test.TC01GETReq" tests="9" failures="0" timestamp="13 Dec 2019 16:08:10 GMT" time="2.331" errors="0">
  <testcase name="TC008_GETDATAFROMEXCEL" time="1.983" classname="com.qa.rest.api.test.TC01GETReq"/>
  <testcase name="TC008_GETDATAFROMEXCEL" time="0.348" classname="com.qa.rest.api.test.TC01GETReq"/>
  <testcase name="TC004_GETREQUESTPRINTALLHEADERS" classname="com.qa.rest.api.test.TC01GETReq">
    <skipped/>
  </testcase> <!-- TC004_GETREQUESTPRINTALLHEADERS -->
  <testcase name="TC006_GETREQUESTEXTRACTRESPONSEBODYVALUES" classname="com.qa.rest.api.test.TC01GETReq">
    <skipped/>
  </testcase> <!-- TC006_GETREQUESTEXTRACTRESPONSEBODYVALUES -->
  <testcase name="getWeatherCondition" classname="com.qa.rest.api.test.TC01GETReq">
    <skipped/>
  </testcase> <!-- getWeatherCondition -->
  <testcase name="TC002_POSTREQUEST" classname="com.qa.rest.api.test.TC01GETReq">
    <skipped/>
  </testcase> <!-- TC002_POSTREQUEST -->
  <testcase name="TC005_GETREQUESTVALIDATARESPONSEBODY" classname="com.qa.rest.api.test.TC01GETReq">
    <skipped/>
  </testcase> <!-- TC005_GETREQUESTVALIDATARESPONSEBODY -->
  <testcase name="TC007_GETAUTHENTICATIONREQUEST" classname="com.qa.rest.api.test.TC01GETReq">
    <skipped/>
  </testcase> <!-- TC007_GETAUTHENTICATIONREQUEST -->
  <testcase name="TC003_GETREQUESTVALIDHEADERS" classname="com.qa.rest.api.test.TC01GETReq">
    <skipped/>
  </testcase> <!-- TC003_GETREQUESTVALIDHEADERS -->
</testsuite> <!-- com.qa.rest.api.test.TC01GETReq -->
